<?xml version="1.0" encoding="UTF-8"?>
<testsuites>
  <testsuite name="Entity_test" file="/home/ademir/www/xy-inc/application/tests/modules/entity/controllers/Entity_test.php" tests="1" assertions="1" failures="1" errors="0" time="0.162386">
    <testcase name="test_index_get" class="Entity_test" file="/home/ademir/www/xy-inc/application/tests/modules/entity/controllers/Entity_test.php" line="25" assertions="1" time="0.162386">
      <failure type="PHPUnit_Framework_ExpectationFailedException">Entity_test::test_index_get
Failed asserting that two strings are equal.
--- Expected
+++ Actual
@@ @@
-'{"draw":0,"recordsTotal":0,"recordsFiltered":0,"data":[]}'
+''

/home/ademir/www/xy-inc/application/tests/modules/entity/controllers/Entity_test.php:31
</failure>
      <system-out>saida:esperado:{"draw":0,"recordsTotal":0,"recordsFiltered":0,"data":[]}</system-out>
    </testcase>
  </testsuite>
</testsuites>
